<?xml version="1.0" encoding="UTF-8"?>
<!-- Generated by org.testng.reporters.JUnitReportReporter -->
<testsuite hostname="WKMUS8688945" failures="0" tests="1" name="com.omnimobile.commonUtilities.commonUtil" time="20.214" errors="0" timestamp="30 Apr 2018 15:24:00 GMT">
  <testcase classname="com.omnimobile.commonUtilities.commonUtil" name="setup" time="20.214"/>
</testsuite> <!-- com.omnimobile.commonUtilities.commonUtil -->
